<?xml version="1.0" encoding="UTF-8"?>
<!-- Generated by org.testng.reporters.JUnitReportReporter -->
<testsuite hostname="DESKTOP-EROT39V" failures="0" tests="2" name="apis.CreateUserTest" time="3.223" errors="0" timestamp="2025-05-27T21:09:42 IST" skipped="0">
  <testcase classname="apis.CreateUserTest" name="createUserPositive" time="1.500"/>
  <testcase classname="apis.CreateUserTest" name="createUserNegative" time="1.723"/>
</testsuite> <!-- apis.CreateUserTest -->
