<?xml version="1.0" encoding="UTF-8"?>
<!-- Generated by org.testng.reporters.JUnitReportReporter -->
<testsuite hostname="DESKTOP-EROT39V" failures="0" tests="2" name="apis.GetUserByNameTest" time="2.507" errors="0" timestamp="2025-05-27T23:06:30 IST" skipped="0">
  <testcase classname="apis.GetUserByNameTest" name="getUserPositive" time="1.257"/>
  <testcase classname="apis.GetUserByNameTest" name="getUserNegative" time="1.250"/>
</testsuite> <!-- apis.GetUserByNameTest -->
