<?xml version="1.0" encoding="UTF-8"?>
<!-- Generated by org.testng.reporters.JUnitReportReporter -->
<testsuite hostname="DESKTOP-EROT39V" failures="0" tests="2" name="apis.UpdateUserTest" time="2.148" errors="0" timestamp="2025-05-27T21:09:42 IST" skipped="0">
  <testcase classname="apis.UpdateUserTest" name="updateUserPositive" time="1.084"/>
  <testcase classname="apis.UpdateUserTest" name="updateUserNegative" time="1.064"/>
</testsuite> <!-- apis.UpdateUserTest -->
