<?xml version="1.0" encoding="UTF-8"?>
<!-- Generated by org.testng.reporters.JUnitReportReporter -->
<testsuite hostname="DESKTOP-EROT39V" failures="0" tests="2" name="apis.UpdateUserTest" time="1.875" errors="0" timestamp="2025-05-27T23:28:24 IST" skipped="0">
  <testcase classname="apis.UpdateUserTest" name="updateUserPositive" time="0.928"/>
  <testcase classname="apis.UpdateUserTest" name="updateUserNegative" time="0.947"/>
</testsuite> <!-- apis.UpdateUserTest -->
