<?xml version="1.0" encoding="UTF-8"?>
<!-- Generated by org.testng.reporters.JUnitReportReporter -->
<testsuite hostname="DESKTOP-EROT39V" failures="0" tests="3" name="apis.CreateUserTest" time="3.451" errors="0" timestamp="2025-05-27T23:06:30 IST" skipped="1">
  <testcase classname="apis.CreateUserTest" name="createUserNegative" time="0.957"/>
  <testcase classname="apis.CreateUserTest" name="createUserNegative" time="1.244">
    <skipped/>
  </testcase> <!-- createUserNegative -->
  <testcase classname="apis.CreateUserTest" name="createUserPositive" time="1.250"/>
</testsuite> <!-- apis.CreateUserTest -->
