<?xml version="1.0" encoding="UTF-8"?>
<!-- Generated by org.testng.reporters.JUnitReportReporter -->
<testsuite hostname="DESKTOP-EROT39V" failures="0" tests="2" name="apis.DeleteUserTest" time="2.500" errors="0" timestamp="2025-05-27T23:42:28 IST" skipped="0">
  <testcase classname="apis.DeleteUserTest" name="deleteUserNegative" time="1.570"/>
  <testcase classname="apis.DeleteUserTest" name="deleteUserPositive" time="0.930"/>
</testsuite> <!-- apis.DeleteUserTest -->
